<?xml version="1.0" encoding="UTF-8"?>
<!-- Generated by org.testng.reporters.JUnitReportReporter -->
<testsuite hostname="DESKTOP-O2A86F5" failures="0" tests="1" name="Parralell_TestNg.Paralle1" time="20.498" errors="0" timestamp="2022-08-30T14:01:30 IST" skipped="0">
  <testcase classname="Parralell_TestNg.Paralle1" name="Amazon" time="20.498"/>
  <system-out/>
</testsuite> <!-- Parralell_TestNg.Paralle1 -->
