<?xml version="1.0" encoding="UTF-8"?>
<!-- Generated by org.testng.reporters.JUnitReportReporter -->
<testsuite hostname="DESKTOP-O2A86F5" failures="0" tests="3" name="Grouping_TestNg.example1" time="0.019" errors="0" timestamp="2022-08-29T23:16:19 IST" skipped="0">
  <testcase classname="Grouping_TestNg.example1" name="m3" time="0.003"/>
  <system-out>
    <![CDATA[Running test case 3]]>
  </system-out>
  <testcase classname="Grouping_TestNg.example1" name="m1" time="0.014"/>
  <system-out>
    <![CDATA[Running test case 1]]>
  </system-out>
  <testcase classname="Grouping_TestNg.example1" name="m5" time="0.002"/>
  <system-out>
    <![CDATA[Running test case 5]]>
  </system-out>
</testsuite> <!-- Grouping_TestNg.example1 -->
