<?xml version="1.0" encoding="UTF-8"?>
<!-- Generated by org.testng.reporters.JUnitReportReporter -->
<testsuite hostname="DESKTOP-O2A86F5" failures="0" tests="1" name="testNG_example.test3" time="6.868" errors="0" timestamp="2022-08-29T13:52:38 IST" skipped="0">
  <testcase classname="testNG_example.test3" name="m3" time="6.868"/>
  <system-out/>
</testsuite> <!-- testNG_example.test3 -->
