<?xml version="1.0" encoding="UTF-8"?>
<!-- Generated by org.testng.reporters.JUnitReportReporter -->
<testsuite hostname="DESKTOP-O2A86F5" failures="0" tests="2" name="Parralell_TestNg.Pralle" time="29.358" errors="0" timestamp="2022-08-30T14:01:30 IST" skipped="0">
  <testcase classname="Parralell_TestNg.Pralle" name="Google" time="8.067"/>
  <system-out/>
  <testcase classname="Parralell_TestNg.Pralle" name="Flipkart" time="21.291"/>
  <system-out/>
</testsuite> <!-- Parralell_TestNg.Pralle -->
