<?xml version="1.0" encoding="UTF-8"?>
<!-- Generated by org.testng.reporters.JUnitReportReporter -->
<testsuite hostname="DESKTOP-O2A86F5" failures="0" tests="3" name="testNG_example.Priority1" time="0.010" errors="0" timestamp="2022-08-29T13:52:38 IST" skipped="0">
  <testcase classname="testNG_example.Priority1" name="m2" time="0.004"/>
  <system-out>
    <![CDATA[Running test case 2]]>
  </system-out>
  <testcase classname="testNG_example.Priority1" name="m3" time="0.003"/>
  <system-out>
    <![CDATA[Running test case 3]]>
  </system-out>
  <testcase classname="testNG_example.Priority1" name="m1" time="0.003"/>
  <system-out>
    <![CDATA[Running test case 1]]>
  </system-out>
</testsuite> <!-- testNG_example.Priority1 -->
