<?xml version="1.0" encoding="UTF-8"?>
<!-- Generated by org.testng.reporters.JUnitReportReporter -->
<testsuite hostname="DESKTOP-O2A86F5" failures="0" tests="4" name="testNG_example.InvocationCount" time="0.021" errors="0" timestamp="2022-08-26T11:40:15 IST" skipped="0">
  <testcase classname="testNG_example.InvocationCount" name="m2" time="0.015"/>
  <system-out>
    <![CDATA[Running test case 2]]>
  </system-out>
  <testcase classname="testNG_example.InvocationCount" name="m2" time="0.001"/>
  <system-out>
    <![CDATA[Running test case 2]]>
  </system-out>
  <testcase classname="testNG_example.InvocationCount" name="m2" time="0.002"/>
  <system-out>
    <![CDATA[Running test case 2]]>
  </system-out>
  <testcase classname="testNG_example.InvocationCount" name="m3" time="0.003"/>
  <system-out>
    <![CDATA[Running test case 3]]>
  </system-out>
</testsuite> <!-- testNG_example.InvocationCount -->
