<?xml version="1.0" encoding="UTF-8"?>
<!-- Generated by org.testng.reporters.JUnitReportReporter -->
<testsuite hostname="DESKTOP-O2A86F5" failures="0" tests="1" name="FlipKartTestClass" time="7.088" errors="0" timestamp="2022-08-26T00:44:45 IST" skipped="0">
  <testcase classname="FlipKartTestClass" name="testclass" time="7.088"/>
  <system-out>
    <![CDATA[Test class is executing]]>
  </system-out>
</testsuite> <!-- FlipKartTestClass -->
