<?xml version="1.0" encoding="UTF-8"?>
<!-- Generated by org.testng.reporters.JUnitReportReporter -->
<testsuite hostname="DESKTOP-O2A86F5" failures="0" tests="2" name="testNG_example.TestNG_Annotations" time="0.020" errors="0" timestamp="2022-08-26T00:16:40 IST" skipped="0">
  <testcase classname="testNG_example.TestNG_Annotations" name="testclass" time="0.015"/>
  <system-out>
    <![CDATA[Test class is executing]]>
  </system-out>
  <testcase classname="testNG_example.TestNG_Annotations" name="testclass2" time="0.005"/>
  <system-out>
    <![CDATA[Test class of groceries]]>
  </system-out>
</testsuite> <!-- testNG_example.TestNG_Annotations -->
