<?xml version="1.0" encoding="UTF-8"?>
<!-- Generated by org.testng.reporters.JUnitReportReporter -->
<testsuite hostname="DESKTOP-O2A86F5" failures="0" tests="1" name="testNG_example.testNG_testclass" time="26.536" errors="0" timestamp="2022-08-25T20:03:57 IST" skipped="0">
  <testcase classname="testNG_example.testNG_testclass" name="openapp" time="26.536"/>
  <system-out>
    <![CDATA[Opening Amazon Application
Close Browser]]>
  </system-out>
</testsuite> <!-- testNG_example.testNG_testclass -->
