<?xml version="1.0" encoding="UTF-8"?>
<!-- Generated by org.testng.reporters.JUnitReportReporter -->
<testsuite hostname="DESKTOP-O2A86F5" failures="0" tests="4" name="testNG_example.Disable_case" time="0.020" errors="0" timestamp="2022-08-29T17:40:55 IST" skipped="0">
  <testcase classname="testNG_example.Disable_case" name="m4" time="0.002"/>
  <system-out>
    <![CDATA[Running test case 4]]>
  </system-out>
  <testcase classname="testNG_example.Disable_case" name="m6" time="0.002"/>
  <system-out>
    <![CDATA[Running test case 4]]>
  </system-out>
  <testcase classname="testNG_example.Disable_case" name="m3" time="0.013"/>
  <system-out>
    <![CDATA[Running test case 3]]>
  </system-out>
  <testcase classname="testNG_example.Disable_case" name="m5" time="0.003"/>
  <system-out>
    <![CDATA[Running test case 4]]>
  </system-out>
</testsuite> <!-- testNG_example.Disable_case -->
